
     Program XSpectra v.5.4.0 starts on  8Nov2016 at 17:19:54 

     This program is part of the open-source Quantum ESPRESSO suite
     for quantum simulation of materials; please cite
         "P. Giannozzi et al., J. Phys.:Condens. Matter 21 395502 (2009);
          URL http://www.quantum-espresso.org", 
     in publications or presentations arising from this work. More details at
     http://www.quantum-espresso.org/quote

     Parallel version (MPI & OpenMP), running on      64 processor cores
     Number of MPI processes:                64
     Threads/MPI process:                     1
     R & G space division:  proc/nbgrp/npool/nimage =      64

     -------------------------------------------------------------------------
                    __  ____                 _
                    \ \/ / _\_ __   ___  ___| |_ _ __ __ _
                     \  /\ \| '_ \ / _ \/ __| __| \__/ _\ |
                     /  \_\ \ |_) |  __/ (__| |_| | | (_| |
                    /_/\_\__/ .__/ \___|\___|\__|_|  \__,_|
                            |_|

     In publications arising from the use of XSpectra, please cite:
      - O. Bunau and M. Calandra,
        Phys. Rev. B 87, 205105 (2013)
      - Ch. Gougoussis, M. Calandra, A. P. Seitsonen, F. Mauri,
        Phys. Rev. B 80, 075102 (2009)
      - M. Taillefumier, D. Cabaret, A. M. Flank, and F. Mauri,
        Phys. Rev. B 66, 195107 (2002)

     -------------------------------------------------------------------------
                                Reading input_file
     -------------------------------------------------------------------------

     calculation: xanes_dipole

     xepsilon  [cartesian coordinates]:   1.000000   0.000000   0.000000

     xonly_plot: FALSE
        => complete calculation: Lanczos + spectrum plot

     filecore (core-wavefunction file): /home/549/hxw549/Sho
 
     main plot parameters:
        cut_occ_states: TRUE
        gamma_mode:  constant
        -> using xgamma [eV]:  0.80
        xemin [eV]: -10.00
        xemax [eV]:  40.00
        xnepoint: 1000
        energy zero automatically set to the Fermi level

     Fermi level determined from SCF save directory (graphene.save)
     NB: For an insulator (SCF calculated with occupations="fixed")
         the Fermi level will be placed at the position of HOMO.
 
     WARNING: variable ef_r is obsolete

     -------------------------------------------------------------------------
                      Reading SCF save directory: graphene.save
     -------------------------------------------------------------------------


     Reading data from directory:
     ./graphene.save

   Info: using nr1, nr2, nr3 values from input

   Info: using nr1, nr2, nr3 values from input

     IMPORTANT: XC functional enforced from input :
     Exchange-correlation      =  SLA  PW   PBX  PBC ( 1  4  3  4 0 0)
     Any further DFT definition will be discarded
     Please, verify this is what you really want

 
     Parallelization info
     --------------------
     sticks:   dense  smooth     PW     G-vecs:    dense   smooth      PW
     Min         127     113     28                 6867     5743     718
     Max         128     114     29                 6872     5770     721
     Sum        8161    7269   1815               439573   368489   46005
 

     the Fermi energy is    -1.1269 ev

     -------------------------------------------------------------------------
                           Getting the Fermi energy 
     -------------------------------------------------------------------------

     From SCF save directory:
        ef    [eV]:   -1.1269

     -> ef (in eV) will be written in x_save_file

     -------------------------------------------------------------------------
                           Energy zero of the spectrum 
     -------------------------------------------------------------------------

     -> ef will be used as energy zero of the spectrum
 
     Parallelization info
     --------------------
     sticks:   dense  smooth     PW     G-vecs:    dense   smooth      PW
     Min         127     113     32                 6867     5749     876
     Max         128     114     33                 6872     5764     879
     Sum        8161    7269   2069               439573   368489   56097
 


     bravais-lattice index     =            0
     lattice parameter (alat)  =      27.5793  a.u.
     unit-cell volume          =   10780.2123 (a.u.)^3
     number of atoms/cell      =           60
     number of atomic types    =            2
     number of electrons       =       240.00
     number of Kohn-Sham states=          144
     kinetic-energy cutoff     =      40.0000  Ry
     charge density cutoff     =     180.0000  Ry
     Exchange-correlation      =  SLA  PW   PBX  PBC ( 1  4  3  4 0 0)

     celldm(1)=  27.579319  celldm(2)=   0.000000  celldm(3)=   0.000000
     celldm(4)=   0.000000  celldm(5)=   0.000000  celldm(6)=   0.000000

     crystal axes: (cart. coord. in units of alat)
               a(1) = (   1.000000   0.000000   0.000000 )  
               a(2) = (  -0.433013   0.750000   0.000000 )  
               a(3) = (   0.000000   0.000000   0.685197 )  

     reciprocal axes: (cart. coord. in units 2 pi/alat)
               b(1) = (  1.000000  0.577350  0.000000 )  
               b(2) = (  0.000000  1.333333  0.000000 )  
               b(3) = (  0.000000  0.000000  1.459435 )  


     PseudoPot. # 1 for C  read from file:
     /home/549/hxw549/Short/pseudopotentials/C.star1s-pbe-mt_gipaw.UPF
     MD5 check sum: ef0cb3dee31bd9e4ba2a832a2c716264
     Pseudo is Norm-conserving, Zval =  5.0
     Generated by new atomic code, or converted to UPF format
     Using radial grid of 1073 points,  1 beta functions with: 
                l(1) =   0

     PseudoPot. # 2 for C  read from file:
     /home/549/hxw549/Short/pseudopotentials/C.pbe-mt_gipaw.UPF
     MD5 check sum: 5ac2f21f2c440b14befe521540822c15
     Pseudo is Norm-conserving, Zval =  4.0
     Generated by new atomic code, or converted to UPF format
     Using radial grid of 1073 points,  1 beta functions with: 
                l(1) =   0

     atomic species   valence    mass     pseudopotential
        C_h            5.00    12.01070     C ( 1.00)
        C              4.00    12.01070     C ( 1.00)

      2 Sym. Ops. (no inversion) found



   Cartesian axes

     site n.     atom                  positions (alat units)
         1           C   tau(   1) = (   0.0821335   0.0497288   0.3425984  )
         2           C   tau(   2) = (  -0.0020412   0.1001436   0.3425984  )
         3           C   tau(   3) = (   0.2489559   0.0500988   0.3425984  )
         4           C   tau(   4) = (   0.1646482   0.1001534   0.3425984  )
         5           C   tau(   5) = (   0.4154874   0.0500141   0.3425984  )
         6           C   tau(   6) = (   0.3315556   0.1005095   0.3425984  )
         7           C   tau(   7) = (   0.5820193   0.0499960   0.3425984  )
         8           C   tau(   8) = (   0.4977216   0.1004934   0.3425984  )
         9           C   tau(   9) = (   0.7487039   0.0497311   0.3425984  )
        10           C   tau(  10) = (   0.6645403   0.1001622   0.3425984  )
        11           C   tau(  11) = (   0.9154562   0.0497567   0.3425984  )
        12           C   tau(  12) = (   0.8312328   0.1001300   0.3425984  )
        13           C   tau(  13) = (  -0.0044627   0.1998460   0.3425984  )
        14           C   tau(  14) = (  -0.0886885   0.2502140   0.3425984  )
        15           C   tau(  15) = (   0.1622251   0.1998315   0.3425984  )
        16           C   tau(  16) = (   0.0780327   0.2502544   0.3425984  )
        17           C   tau(  17) = (   0.3289625   0.2004677   0.3425984  )
        18           C   tau(  18) = (   0.2445525   0.2501492   0.3425984  )
        19           C   tau(  19) = (   0.4953536   0.2004624   0.3425984  )
        20           C   tau(  20) = (   0.4112762   0.2503510   0.3425984  )
        21           C   tau(  21) = (   0.6620744   0.1998347   0.3425984  )
        22           C   tau(  22) = (   0.5780821   0.2501840   0.3425984  )
        23           C   tau(  23) = (   0.8288053   0.1998368   0.3425984  )
        24           C   tau(  24) = (   0.7445860   0.2502746   0.3425984  )
        25           C   tau(  25) = (  -0.0910808   0.3498696   0.3425984  )
        26           C   tau(  26) = (  -0.1753906   0.4002358   0.3425984  )
        27           C   tau(  27) = (   0.0758579   0.3498667   0.3425984  )
        28           C   tau(  28) = (  -0.0084805   0.4002215   0.3425984  )
        29           C   tau(  29) = (   0.2428307   0.3496408   0.3425984  )
        30           C   tau(  30) = (   0.1584327   0.4003486   0.3425984  )
        31           C_h tau(  31) = (   0.4089036   0.3497511   0.3425984  )
        32           C   tau(  32) = (   0.3248309   0.3999626   0.3425984  )
        33           C   tau(  33) = (   0.5749740   0.3497160   0.3425984  )
        34           C   tau(  34) = (   0.4912381   0.3999947   0.3425984  )
        35           C   tau(  35) = (   0.7419775   0.3498999   0.3425984  )
        36           C   tau(  36) = (   0.6576810   0.4003947   0.3425984  )
        37           C   tau(  37) = (  -0.1776837   0.4998798   0.3425984  )
        38           C   tau(  38) = (  -0.2618149   0.5502624   0.3425984  )
        39           C   tau(  39) = (  -0.0109372   0.4998708   0.3425984  )
        40           C   tau(  40) = (  -0.0951586   0.5502545   0.3425984  )
        41           C   tau(  41) = (   0.1557618   0.4997614   0.3425984  )
        42           C   tau(  42) = (   0.0715178   0.5502418   0.3425984  )
        43           C   tau(  43) = (   0.3227242   0.4992606   0.3425984  )
        44           C   tau(  44) = (   0.2382596   0.5497657   0.3425984  )
        45           C   tau(  45) = (   0.4886048   0.4992265   0.3425984  )
        46           C   tau(  46) = (   0.4047946   0.5501931   0.3425984  )
        47           C   tau(  47) = (   0.6555941   0.4997810   0.3425984  )
        48           C   tau(  48) = (   0.5713950   0.5496853   0.3425984  )
        49           C   tau(  49) = (  -0.2642252   0.6498793   0.3425984  )
        50           C   tau(  50) = (  -0.3485322   0.6999974   0.3425984  )
        51           C   tau(  51) = (  -0.0975689   0.6499388   0.3425984  )
        52           C   tau(  52) = (  -0.1817113   0.7003582   0.3425984  )
        53           C   tau(  53) = (   0.0690736   0.6498630   0.3425984  )
        54           C   tau(  54) = (  -0.0150761   0.7002695   0.3425984  )
        55           C   tau(  55) = (   0.2357865   0.6496026   0.3425984  )
        56           C   tau(  56) = (   0.1515355   0.7001736   0.3425984  )
        57           C   tau(  57) = (   0.4023174   0.6496360   0.3425984  )
        58           C   tau(  58) = (   0.3181330   0.7000712   0.3425984  )
        59           C   tau(  59) = (   0.5689535   0.6494873   0.3425984  )
        60           C   tau(  60) = (   0.4848846   0.7000205   0.3425984  )

     number of k points=    64  gaussian smearing, width (Ry)=  0.1000
                       cart. coord. in units 2pi/alat
        k(    1) = (   0.0000000   0.0000000   0.0000000), wk =   0.0312500
        k(    2) = (   0.0000000   0.1666666   0.0000000), wk =   0.0312500
        k(    3) = (   0.0000000   0.3333332   0.0000000), wk =   0.0312500
        k(    4) = (   0.0000000   0.4999999   0.0000000), wk =   0.0312500
        k(    5) = (   0.0000000   0.6666665   0.0000000), wk =   0.0312500
        k(    6) = (   0.0000000   0.8333331   0.0000000), wk =   0.0312500
        k(    7) = (   0.0000000   0.9999997   0.0000000), wk =   0.0312500
        k(    8) = (   0.0000000   1.1666663   0.0000000), wk =   0.0312500
        k(    9) = (   0.1250000   0.0721688   0.0000000), wk =   0.0312500
        k(   10) = (   0.1250000   0.2388354   0.0000000), wk =   0.0312500
        k(   11) = (   0.1250000   0.4055020   0.0000000), wk =   0.0312500
        k(   12) = (   0.1250000   0.5721686   0.0000000), wk =   0.0312500
        k(   13) = (   0.1250000   0.7388353   0.0000000), wk =   0.0312500
        k(   14) = (   0.1250000   0.9055019   0.0000000), wk =   0.0312500
        k(   15) = (   0.1250000   1.0721685   0.0000000), wk =   0.0312500
        k(   16) = (   0.1250000   1.2388351   0.0000000), wk =   0.0312500
        k(   17) = (   0.2500000   0.1443376   0.0000000), wk =   0.0312500
        k(   18) = (   0.2500000   0.3110042   0.0000000), wk =   0.0312500
        k(   19) = (   0.2500000   0.4776708   0.0000000), wk =   0.0312500
        k(   20) = (   0.2500000   0.6443374   0.0000000), wk =   0.0312500
        k(   21) = (   0.2500000   0.8110041   0.0000000), wk =   0.0312500
        k(   22) = (   0.2500000   0.9776707   0.0000000), wk =   0.0312500
        k(   23) = (   0.2500000   1.1443373   0.0000000), wk =   0.0312500
        k(   24) = (   0.2500000   1.3110039   0.0000000), wk =   0.0312500
        k(   25) = (   0.3750000   0.2165064   0.0000000), wk =   0.0312500
        k(   26) = (   0.3750000   0.3831730   0.0000000), wk =   0.0312500
        k(   27) = (   0.3750000   0.5498396   0.0000000), wk =   0.0312500
        k(   28) = (   0.3750000   0.7165062   0.0000000), wk =   0.0312500
        k(   29) = (   0.3750000   0.8831728   0.0000000), wk =   0.0312500
        k(   30) = (   0.3750000   1.0498395   0.0000000), wk =   0.0312500
        k(   31) = (   0.3750000   1.2165061   0.0000000), wk =   0.0312500
        k(   32) = (   0.3750000   1.3831727   0.0000000), wk =   0.0312500
        k(   33) = (   0.5000000   0.2886751   0.0000000), wk =   0.0312500
        k(   34) = (   0.5000000   0.4553418   0.0000000), wk =   0.0312500
        k(   35) = (   0.5000000   0.6220084   0.0000000), wk =   0.0312500
        k(   36) = (   0.5000000   0.7886750   0.0000000), wk =   0.0312500
        k(   37) = (   0.5000000   0.9553416   0.0000000), wk =   0.0312500
        k(   38) = (   0.5000000   1.1220082   0.0000000), wk =   0.0312500
        k(   39) = (   0.5000000   1.2886749   0.0000000), wk =   0.0312500
        k(   40) = (   0.5000000   1.4553415   0.0000000), wk =   0.0312500
        k(   41) = (   0.6250000   0.3608439   0.0000000), wk =   0.0312500
        k(   42) = (   0.6250000   0.5275105   0.0000000), wk =   0.0312500
        k(   43) = (   0.6250000   0.6941772   0.0000000), wk =   0.0312500
        k(   44) = (   0.6250000   0.8608438   0.0000000), wk =   0.0312500
        k(   45) = (   0.6250000   1.0275104   0.0000000), wk =   0.0312500
        k(   46) = (   0.6250000   1.1941770   0.0000000), wk =   0.0312500
        k(   47) = (   0.6250000   1.3608436   0.0000000), wk =   0.0312500
        k(   48) = (   0.6250000   1.5275103   0.0000000), wk =   0.0312500
        k(   49) = (   0.7500000   0.4330127   0.0000000), wk =   0.0312500
        k(   50) = (   0.7500000   0.5996793   0.0000000), wk =   0.0312500
        k(   51) = (   0.7500000   0.7663459   0.0000000), wk =   0.0312500
        k(   52) = (   0.7500000   0.9330126   0.0000000), wk =   0.0312500
        k(   53) = (   0.7500000   1.0996792   0.0000000), wk =   0.0312500
        k(   54) = (   0.7500000   1.2663458   0.0000000), wk =   0.0312500
        k(   55) = (   0.7500000   1.4330124   0.0000000), wk =   0.0312500
        k(   56) = (   0.7500000   1.5996790   0.0000000), wk =   0.0312500
        k(   57) = (   0.8750000   0.5051815   0.0000000), wk =   0.0312500
        k(   58) = (   0.8750000   0.6718481   0.0000000), wk =   0.0312500
        k(   59) = (   0.8750000   0.8385147   0.0000000), wk =   0.0312500
        k(   60) = (   0.8750000   1.0051813   0.0000000), wk =   0.0312500
        k(   61) = (   0.8750000   1.1718480   0.0000000), wk =   0.0312500
        k(   62) = (   0.8750000   1.3385146   0.0000000), wk =   0.0312500
        k(   63) = (   0.8750000   1.5051812   0.0000000), wk =   0.0312500
        k(   64) = (   0.8750000   1.6718478   0.0000000), wk =   0.0312500

     Dense  grid:   439573 G-vectors     FFT dimensions: ( 120, 108,  81)

     Smooth grid:   368489 G-vectors     FFT dimensions: ( 120, 100,  80)

     Largest allocated arrays     est. size (Mb)     dimensions
        Kohn-Sham Wavefunctions         1.61 Mb     (     735,  144)
        NL pseudopotentials             0.67 Mb     (     735,   60)
        Each V/rho on FFT grid          0.40 Mb     (   25920)
        Each G-vector array             0.05 Mb     (    6872)
        G-vector shells                 0.03 Mb     (    3481)
     Largest temporary arrays     est. size (Mb)     dimensions
        Auxiliary wavefunctions         1.61 Mb     (     735,  144)
        Each subspace H/S matrix        0.01 Mb     (      28,   28)
        Each <psi_i|beta_j> matrix      0.13 Mb     (      60,  144)

     The potential is recalculated from file :
     ./graphene.save/charge-density.dat


 %%%%%%%%%%%%%%%%%%%%%%%%%%%%%%%%%%%%%%%%%%%%%%%%%%%%%%%%%%%%%%%%%%%%%%%%%%%%%%
     Error in routine main program (59):
     Wrong xiabs!!!
 %%%%%%%%%%%%%%%%%%%%%%%%%%%%%%%%%%%%%%%%%%%%%%%%%%%%%%%%%%%%%%%%%%%%%%%%%%%%%%

     stopping ...

 %%%%%%%%%%%%%%%%%%%%%%%%%%%%%%%%%%%%%%%%%%%%%%%%%%%%%%%%%%%%%%%%%%%%%%%%%%%%%%
     Error in routine main program (59):
     Wrong xiabs!!!
 %%%%%%%%%%%%%%%%%%%%%%%%%%%%%%%%%%%%%%%%%%%%%%%%%%%%%%%%%%%%%%%%%%%%%%%%%%%%%%

     stopping ...

 %%%%%%%%%%%%%%%%%%%%%%%%%%%%%%%%%%%%%%%%%%%%%%%%%%%%%%%%%%%%%%%%%%%%%%%%%%%%%%
     Error in routine main program (59):
     Wrong xiabs!!!
 %%%%%%%%%%%%%%%%%%%%%%%%%%%%%%%%%%%%%%%%%%%%%%%%%%%%%%%%%%%%%%%%%%%%%%%%%%%%%%

     stopping ...
--------------------------------------------------------------------------
MPI_ABORT was invoked on rank 56 in communicator MPI_COMM_WORLD 
with errorcode 1.

NOTE: invoking MPI_ABORT causes Open MPI to kill all MPI processes.
You may or may not see output from other processes, depending on
exactly when Open MPI kills them.
--------------------------------------------------------------------------

 %%%%%%%%%%%%%%%%%%%%%%%%%%%%%%%%%%%%%%%%%%%%%%%%%%%%%%%%%%%%%%%%%%%%%%%%%%%%%%
     Error in routine main program (59):
     Wrong xiabs!!!
 %%%%%%%%%%%%%%%%%%%%%%%%%%%%%%%%%%%%%%%%%%%%%%%%%%%%%%%%%%%%%%%%%%%%%%%%%%%%%%

     stopping ...

 %%%%%%%%%%%%%%%%%%%%%%%%%%%%%%%%%%%%%%%%%%%%%%%%%%%%%%%%%%%%%%%%%%%%%%%%%%%%%%
     Error in routine main program (59):
     Wrong xiabs!!!
 %%%%%%%%%%%%%%%%%%%%%%%%%%%%%%%%%%%%%%%%%%%%%%%%%%%%%%%%%%%%%%%%%%%%%%%%%%%%%%

     stopping ...

 %%%%%%%%%%%%%%%%%%%%%%%%%%%%%%%%%%%%%%%%%%%%%%%%%%%%%%%%%%%%%%%%%%%%%%%%%%%%%%
     Error in routine main program (59):
     Wrong xiabs!!!
 %%%%%%%%%%%%%%%%%%%%%%%%%%%%%%%%%%%%%%%%%%%%%%%%%%%%%%%%%%%%%%%%%%%%%%%%%%%%%%

     stopping ...

 %%%%%%%%%%%%%%%%%%%%%%%%%%%%%%%%%%%%%%%%%%%%%%%%%%%%%%%%%%%%%%%%%%%%%%%%%%%%%%
     Error in routine main program (59):
     Wrong xiabs!!!
 %%%%%%%%%%%%%%%%%%%%%%%%%%%%%%%%%%%%%%%%%%%%%%%%%%%%%%%%%%%%%%%%%%%%%%%%%%%%%%

     stopping ...

 %%%%%%%%%%%%%%%%%%%%%%%%%%%%%%%%%%%%%%%%%%%%%%%%%%%%%%%%%%%%%%%%%%%%%%%%%%%%%%
     Error in routine main program (59):
     Wrong xiabs!!!
 %%%%%%%%%%%%%%%%%%%%%%%%%%%%%%%%%%%%%%%%%%%%%%%%%%%%%%%%%%%%%%%%%%%%%%%%%%%%%%

     stopping ...

 %%%%%%%%%%%%%%%%%%%%%%%%%%%%%%%%%%%%%%%%%%%%%%%%%%%%%%%%%%%%%%%%%%%%%%%%%%%%%%
     Error in routine main program (59):
     Wrong xiabs!!!
 %%%%%%%%%%%%%%%%%%%%%%%%%%%%%%%%%%%%%%%%%%%%%%%%%%%%%%%%%%%%%%%%%%%%%%%%%%%%%%

     stopping ...

 %%%%%%%%%%%%%%%%%%%%%%%%%%%%%%%%%%%%%%%%%%%%%%%%%%%%%%%%%%%%%%%%%%%%%%%%%%%%%%
     Error in routine main program (59):
     Wrong xiabs!!!
 %%%%%%%%%%%%%%%%%%%%%%%%%%%%%%%%%%%%%%%%%%%%%%%%%%%%%%%%%%%%%%%%%%%%%%%%%%%%%%

     stopping ...

 %%%%%%%%%%%%%%%%%%%%%%%%%%%%%%%%%%%%%%%%%%%%%%%%%%%%%%%%%%%%%%%%%%%%%%%%%%%%%%
     Error in routine main program (59):
     Wrong xiabs!!!
 %%%%%%%%%%%%%%%%%%%%%%%%%%%%%%%%%%%%%%%%%%%%%%%%%%%%%%%%%%%%%%%%%%%%%%%%%%%%%%

     stopping ...

 %%%%%%%%%%%%%%%%%%%%%%%%%%%%%%%%%%%%%%%%%%%%%%%%%%%%%%%%%%%%%%%%%%%%%%%%%%%%%%
     Error in routine main program (59):
     Wrong xiabs!!!
 %%%%%%%%%%%%%%%%%%%%%%%%%%%%%%%%%%%%%%%%%%%%%%%%%%%%%%%%%%%%%%%%%%%%%%%%%%%%%%

     stopping ...

 %%%%%%%%%%%%%%%%%%%%%%%%%%%%%%%%%%%%%%%%%%%%%%%%%%%%%%%%%%%%%%%%%%%%%%%%%%%%%%
     Error in routine main program (59):
     Wrong xiabs!!!
 %%%%%%%%%%%%%%%%%%%%%%%%%%%%%%%%%%%%%%%%%%%%%%%%%%%%%%%%%%%%%%%%%%%%%%%%%%%%%%

     stopping ...

 %%%%%%%%%%%%%%%%%%%%%%%%%%%%%%%%%%%%%%%%%%%%%%%%%%%%%%%%%%%%%%%%%%%%%%%%%%%%%%
     Error in routine main program (59):
     Wrong xiabs!!!
 %%%%%%%%%%%%%%%%%%%%%%%%%%%%%%%%%%%%%%%%%%%%%%%%%%%%%%%%%%%%%%%%%%%%%%%%%%%%%%

     stopping ...

 %%%%%%%%%%%%%%%%%%%%%%%%%%%%%%%%%%%%%%%%%%%%%%%%%%%%%%%%%%%%%%%%%%%%%%%%%%%%%%
     Error in routine main program (59):
     Wrong xiabs!!!
 %%%%%%%%%%%%%%%%%%%%%%%%%%%%%%%%%%%%%%%%%%%%%%%%%%%%%%%%%%%%%%%%%%%%%%%%%%%%%%

     stopping ...

 %%%%%%%%%%%%%%%%%%%%%%%%%%%%%%%%%%%%%%%%%%%%%%%%%%%%%%%%%%%%%%%%%%%%%%%%%%%%%%
     Error in routine main program (59):
     Wrong xiabs!!!
 %%%%%%%%%%%%%%%%%%%%%%%%%%%%%%%%%%%%%%%%%%%%%%%%%%%%%%%%%%%%%%%%%%%%%%%%%%%%%%

     stopping ...

 %%%%%%%%%%%%%%%%%%%%%%%%%%%%%%%%%%%%%%%%%%%%%%%%%%%%%%%%%%%%%%%%%%%%%%%%%%%%%%
     Error in routine main program (59):
     Wrong xiabs!!!
 %%%%%%%%%%%%%%%%%%%%%%%%%%%%%%%%%%%%%%%%%%%%%%%%%%%%%%%%%%%%%%%%%%%%%%%%%%%%%%

     stopping ...

 %%%%%%%%%%%%%%%%%%%%%%%%%%%%%%%%%%%%%%%%%%%%%%%%%%%%%%%%%%%%%%%%%%%%%%%%%%%%%%
     Error in routine main program (59):
     Wrong xiabs!!!
 %%%%%%%%%%%%%%%%%%%%%%%%%%%%%%%%%%%%%%%%%%%%%%%%%%%%%%%%%%%%%%%%%%%%%%%%%%%%%%

     stopping ...

 %%%%%%%%%%%%%%%%%%%%%%%%%%%%%%%%%%%%%%%%%%%%%%%%%%%%%%%%%%%%%%%%%%%%%%%%%%%%%%
     Error in routine main program (59):
     Wrong xiabs!!!
 %%%%%%%%%%%%%%%%%%%%%%%%%%%%%%%%%%%%%%%%%%%%%%%%%%%%%%%%%%%%%%%%%%%%%%%%%%%%%%

     stopping ...

 %%%%%%%%%%%%%%%%%%%%%%%%%%%%%%%%%%%%%%%%%%%%%%%%%%%%%%%%%%%%%%%%%%%%%%%%%%%%%%
     Error in routine main program (59):
     Wrong xiabs!!!
 %%%%%%%%%%%%%%%%%%%%%%%%%%%%%%%%%%%%%%%%%%%%%%%%%%%%%%%%%%%%%%%%%%%%%%%%%%%%%%

     stopping ...

 %%%%%%%%%%%%%%%%%%%%%%%%%%%%%%%%%%%%%%%%%%%%%%%%%%%%%%%%%%%%%%%%%%%%%%%%%%%%%%
     Error in routine main program (59):
     Wrong xiabs!!!
 %%%%%%%%%%%%%%%%%%%%%%%%%%%%%%%%%%%%%%%%%%%%%%%%%%%%%%%%%%%%%%%%%%%%%%%%%%%%%%

     stopping ...

 %%%%%%%%%%%%%%%%%%%%%%%%%%%%%%%%%%%%%%%%%%%%%%%%%%%%%%%%%%%%%%%%%%%%%%%%%%%%%%
     Error in routine main program (59):
     Wrong xiabs!!!
 %%%%%%%%%%%%%%%%%%%%%%%%%%%%%%%%%%%%%%%%%%%%%%%%%%%%%%%%%%%%%%%%%%%%%%%%%%%%%%

     stopping ...

 %%%%%%%%%%%%%%%%%%%%%%%%%%%%%%%%%%%%%%%%%%%%%%%%%%%%%%%%%%%%%%%%%%%%%%%%%%%%%%
     Error in routine main program (59):
     Wrong xiabs!!!
 %%%%%%%%%%%%%%%%%%%%%%%%%%%%%%%%%%%%%%%%%%%%%%%%%%%%%%%%%%%%%%%%%%%%%%%%%%%%%%

     stopping ...

 %%%%%%%%%%%%%%%%%%%%%%%%%%%%%%%%%%%%%%%%%%%%%%%%%%%%%%%%%%%%%%%%%%%%%%%%%%%%%%
     Error in routine main program (59):
     Wrong xiabs!!!
 %%%%%%%%%%%%%%%%%%%%%%%%%%%%%%%%%%%%%%%%%%%%%%%%%%%%%%%%%%%%%%%%%%%%%%%%%%%%%%

     stopping ...

 %%%%%%%%%%%%%%%%%%%%%%%%%%%%%%%%%%%%%%%%%%%%%%%%%%%%%%%%%%%%%%%%%%%%%%%%%%%%%%
     Error in routine main program (59):
     Wrong xiabs!!!
 %%%%%%%%%%%%%%%%%%%%%%%%%%%%%%%%%%%%%%%%%%%%%%%%%%%%%%%%%%%%%%%%%%%%%%%%%%%%%%

     stopping ...

 %%%%%%%%%%%%%%%%%%%%%%%%%%%%%%%%%%%%%%%%%%%%%%%%%%%%%%%%%%%%%%%%%%%%%%%%%%%%%%
     Error in routine main program (59):
     Wrong xiabs!!!
 %%%%%%%%%%%%%%%%%%%%%%%%%%%%%%%%%%%%%%%%%%%%%%%%%%%%%%%%%%%%%%%%%%%%%%%%%%%%%%

     stopping ...

 %%%%%%%%%%%%%%%%%%%%%%%%%%%%%%%%%%%%%%%%%%%%%%%%%%%%%%%%%%%%%%%%%%%%%%%%%%%%%%
     Error in routine main program (59):
     Wrong xiabs!!!
 %%%%%%%%%%%%%%%%%%%%%%%%%%%%%%%%%%%%%%%%%%%%%%%%%%%%%%%%%%%%%%%%%%%%%%%%%%%%%%

     stopping ...

 %%%%%%%%%%%%%%%%%%%%%%%%%%%%%%%%%%%%%%%%%%%%%%%%%%%%%%%%%%%%%%%%%%%%%%%%%%%%%%
     Error in routine main program (59):
     Wrong xiabs!!!
 %%%%%%%%%%%%%%%%%%%%%%%%%%%%%%%%%%%%%%%%%%%%%%%%%%%%%%%%%%%%%%%%%%%%%%%%%%%%%%

     stopping ...

 %%%%%%%%%%%%%%%%%%%%%%%%%%%%%%%%%%%%%%%%%%%%%%%%%%%%%%%%%%%%%%%%%%%%%%%%%%%%%%
     Error in routine main program (59):
     Wrong xiabs!!!
 %%%%%%%%%%%%%%%%%%%%%%%%%%%%%%%%%%%%%%%%%%%%%%%%%%%%%%%%%%%%%%%%%%%%%%%%%%%%%%

     stopping ...

 %%%%%%%%%%%%%%%%%%%%%%%%%%%%%%%%%%%%%%%%%%%%%%%%%%%%%%%%%%%%%%%%%%%%%%%%%%%%%%
     Error in routine main program (59):
     Wrong xiabs!!!
 %%%%%%%%%%%%%%%%%%%%%%%%%%%%%%%%%%%%%%%%%%%%%%%%%%%%%%%%%%%%%%%%%%%%%%%%%%%%%%

     stopping ...

 %%%%%%%%%%%%%%%%%%%%%%%%%%%%%%%%%%%%%%%%%%%%%%%%%%%%%%%%%%%%%%%%%%%%%%%%%%%%%%
     Error in routine main program (59):
     Wrong xiabs!!!
 %%%%%%%%%%%%%%%%%%%%%%%%%%%%%%%%%%%%%%%%%%%%%%%%%%%%%%%%%%%%%%%%%%%%%%%%%%%%%%

     stopping ...
     Starting wfc are  480 atomic wfcs

 %%%%%%%%%%%%%%%%%%%%%%%%%%%%%%%%%%%%%%%%%%%%%%%%%%%%%%%%%%%%%%%%%%%%%%%%%%%%%%
     Error in routine main program (59):
     Wrong xiabs!!!
 %%%%%%%%%%%%%%%%%%%%%%%%%%%%%%%%%%%%%%%%%%%%%%%%%%%%%%%%%%%%%%%%%%%%%%%%%%%%%%

     stopping ...

 %%%%%%%%%%%%%%%%%%%%%%%%%%%%%%%%%%%%%%%%%%%%%%%%%%%%%%%%%%%%%%%%%%%%%%%%%%%%%%
     Error in routine main program (59):
     Wrong xiabs!!!
 %%%%%%%%%%%%%%%%%%%%%%%%%%%%%%%%%%%%%%%%%%%%%%%%%%%%%%%%%%%%%%%%%%%%%%%%%%%%%%

     stopping ...

 %%%%%%%%%%%%%%%%%%%%%%%%%%%%%%%%%%%%%%%%%%%%%%%%%%%%%%%%%%%%%%%%%%%%%%%%%%%%%%
     Error in routine main program (59):
     Wrong xiabs!!!
 %%%%%%%%%%%%%%%%%%%%%%%%%%%%%%%%%%%%%%%%%%%%%%%%%%%%%%%%%%%%%%%%%%%%%%%%%%%%%%

     stopping ...

 %%%%%%%%%%%%%%%%%%%%%%%%%%%%%%%%%%%%%%%%%%%%%%%%%%%%%%%%%%%%%%%%%%%%%%%%%%%%%%
     Error in routine main program (59):
     Wrong xiabs!!!
 %%%%%%%%%%%%%%%%%%%%%%%%%%%%%%%%%%%%%%%%%%%%%%%%%%%%%%%%%%%%%%%%%%%%%%%%%%%%%%

     stopping ...

 %%%%%%%%%%%%%%%%%%%%%%%%%%%%%%%%%%%%%%%%%%%%%%%%%%%%%%%%%%%%%%%%%%%%%%%%%%%%%%
     Error in routine main program (59):
     Wrong xiabs!!!
 %%%%%%%%%%%%%%%%%%%%%%%%%%%%%%%%%%%%%%%%%%%%%%%%%%%%%%%%%%%%%%%%%%%%%%%%%%%%%%

     stopping ...

 %%%%%%%%%%%%%%%%%%%%%%%%%%%%%%%%%%%%%%%%%%%%%%%%%%%%%%%%%%%%%%%%%%%%%%%%%%%%%%
     Error in routine main program (59):
     Wrong xiabs!!!
 %%%%%%%%%%%%%%%%%%%%%%%%%%%%%%%%%%%%%%%%%%%%%%%%%%%%%%%%%%%%%%%%%%%%%%%%%%%%%%

     stopping ...

 %%%%%%%%%%%%%%%%%%%%%%%%%%%%%%%%%%%%%%%%%%%%%%%%%%%%%%%%%%%%%%%%%%%%%%%%%%%%%%
     Error in routine main program (59):
     Wrong xiabs!!!
 %%%%%%%%%%%%%%%%%%%%%%%%%%%%%%%%%%%%%%%%%%%%%%%%%%%%%%%%%%%%%%%%%%%%%%%%%%%%%%

     stopping ...

 %%%%%%%%%%%%%%%%%%%%%%%%%%%%%%%%%%%%%%%%%%%%%%%%%%%%%%%%%%%%%%%%%%%%%%%%%%%%%%
     Error in routine main program (59):
     Wrong xiabs!!!
 %%%%%%%%%%%%%%%%%%%%%%%%%%%%%%%%%%%%%%%%%%%%%%%%%%%%%%%%%%%%%%%%%%%%%%%%%%%%%%

     stopping ...

 %%%%%%%%%%%%%%%%%%%%%%%%%%%%%%%%%%%%%%%%%%%%%%%%%%%%%%%%%%%%%%%%%%%%%%%%%%%%%%
     Error in routine main program (59):
     Wrong xiabs!!!
 %%%%%%%%%%%%%%%%%%%%%%%%%%%%%%%%%%%%%%%%%%%%%%%%%%%%%%%%%%%%%%%%%%%%%%%%%%%%%%

     stopping ...

 %%%%%%%%%%%%%%%%%%%%%%%%%%%%%%%%%%%%%%%%%%%%%%%%%%%%%%%%%%%%%%%%%%%%%%%%%%%%%%
     Error in routine main program (59):
     Wrong xiabs!!!
 %%%%%%%%%%%%%%%%%%%%%%%%%%%%%%%%%%%%%%%%%%%%%%%%%%%%%%%%%%%%%%%%%%%%%%%%%%%%%%

     stopping ...

 %%%%%%%%%%%%%%%%%%%%%%%%%%%%%%%%%%%%%%%%%%%%%%%%%%%%%%%%%%%%%%%%%%%%%%%%%%%%%%
     Error in routine main program (59):
     Wrong xiabs!!!
 %%%%%%%%%%%%%%%%%%%%%%%%%%%%%%%%%%%%%%%%%%%%%%%%%%%%%%%%%%%%%%%%%%%%%%%%%%%%%%

     stopping ...

 %%%%%%%%%%%%%%%%%%%%%%%%%%%%%%%%%%%%%%%%%%%%%%%%%%%%%%%%%%%%%%%%%%%%%%%%%%%%%%
     Error in routine main program (59):
     Wrong xiabs!!!
 %%%%%%%%%%%%%%%%%%%%%%%%%%%%%%%%%%%%%%%%%%%%%%%%%%%%%%%%%%%%%%%%%%%%%%%%%%%%%%

     stopping ...

 %%%%%%%%%%%%%%%%%%%%%%%%%%%%%%%%%%%%%%%%%%%%%%%%%%%%%%%%%%%%%%%%%%%%%%%%%%%%%%
     Error in routine main program (59):
     Wrong xiabs!!!
 %%%%%%%%%%%%%%%%%%%%%%%%%%%%%%%%%%%%%%%%%%%%%%%%%%%%%%%%%%%%%%%%%%%%%%%%%%%%%%

     stopping ...

 %%%%%%%%%%%%%%%%%%%%%%%%%%%%%%%%%%%%%%%%%%%%%%%%%%%%%%%%%%%%%%%%%%%%%%%%%%%%%%
     Error in routine main program (59):
     Wrong xiabs!!!
 %%%%%%%%%%%%%%%%%%%%%%%%%%%%%%%%%%%%%%%%%%%%%%%%%%%%%%%%%%%%%%%%%%%%%%%%%%%%%%

     stopping ...

 %%%%%%%%%%%%%%%%%%%%%%%%%%%%%%%%%%%%%%%%%%%%%%%%%%%%%%%%%%%%%%%%%%%%%%%%%%%%%%
     Error in routine main program (59):
     Wrong xiabs!!!
 %%%%%%%%%%%%%%%%%%%%%%%%%%%%%%%%%%%%%%%%%%%%%%%%%%%%%%%%%%%%%%%%%%%%%%%%%%%%%%

     stopping ...

 %%%%%%%%%%%%%%%%%%%%%%%%%%%%%%%%%%%%%%%%%%%%%%%%%%%%%%%%%%%%%%%%%%%%%%%%%%%%%%
     Error in routine main program (59):
     Wrong xiabs!!!
 %%%%%%%%%%%%%%%%%%%%%%%%%%%%%%%%%%%%%%%%%%%%%%%%%%%%%%%%%%%%%%%%%%%%%%%%%%%%%%

     stopping ...

 %%%%%%%%%%%%%%%%%%%%%%%%%%%%%%%%%%%%%%%%%%%%%%%%%%%%%%%%%%%%%%%%%%%%%%%%%%%%%%
     Error in routine main program (59):
     Wrong xiabs!!!
 %%%%%%%%%%%%%%%%%%%%%%%%%%%%%%%%%%%%%%%%%%%%%%%%%%%%%%%%%%%%%%%%%%%%%%%%%%%%%%

     stopping ...

 %%%%%%%%%%%%%%%%%%%%%%%%%%%%%%%%%%%%%%%%%%%%%%%%%%%%%%%%%%%%%%%%%%%%%%%%%%%%%%
     Error in routine main program (59):
     Wrong xiabs!!!
 %%%%%%%%%%%%%%%%%%%%%%%%%%%%%%%%%%%%%%%%%%%%%%%%%%%%%%%%%%%%%%%%%%%%%%%%%%%%%%

     stopping ...

 %%%%%%%%%%%%%%%%%%%%%%%%%%%%%%%%%%%%%%%%%%%%%%%%%%%%%%%%%%%%%%%%%%%%%%%%%%%%%%
     Error in routine main program (59):
     Wrong xiabs!!!
 %%%%%%%%%%%%%%%%%%%%%%%%%%%%%%%%%%%%%%%%%%%%%%%%%%%%%%%%%%%%%%%%%%%%%%%%%%%%%%

     stopping ...

 %%%%%%%%%%%%%%%%%%%%%%%%%%%%%%%%%%%%%%%%%%%%%%%%%%%%%%%%%%%%%%%%%%%%%%%%%%%%%%
     Error in routine main program (59):
     Wrong xiabs!!!
 %%%%%%%%%%%%%%%%%%%%%%%%%%%%%%%%%%%%%%%%%%%%%%%%%%%%%%%%%%%%%%%%%%%%%%%%%%%%%%

     stopping ...

 %%%%%%%%%%%%%%%%%%%%%%%%%%%%%%%%%%%%%%%%%%%%%%%%%%%%%%%%%%%%%%%%%%%%%%%%%%%%%%
     Error in routine main program (59):
     Wrong xiabs!!!
 %%%%%%%%%%%%%%%%%%%%%%%%%%%%%%%%%%%%%%%%%%%%%%%%%%%%%%%%%%%%%%%%%%%%%%%%%%%%%%

     stopping ...

 %%%%%%%%%%%%%%%%%%%%%%%%%%%%%%%%%%%%%%%%%%%%%%%%%%%%%%%%%%%%%%%%%%%%%%%%%%%%%%
     Error in routine main program (59):
     Wrong xiabs!!!
 %%%%%%%%%%%%%%%%%%%%%%%%%%%%%%%%%%%%%%%%%%%%%%%%%%%%%%%%%%%%%%%%%%%%%%%%%%%%%%

     stopping ...

 %%%%%%%%%%%%%%%%%%%%%%%%%%%%%%%%%%%%%%%%%%%%%%%%%%%%%%%%%%%%%%%%%%%%%%%%%%%%%%
     Error in routine main program (59):
     Wrong xiabs!!!
 %%%%%%%%%%%%%%%%%%%%%%%%%%%%%%%%%%%%%%%%%%%%%%%%%%%%%%%%%%%%%%%%%%%%%%%%%%%%%%

     stopping ...

 %%%%%%%%%%%%%%%%%%%%%%%%%%%%%%%%%%%%%%%%%%%%%%%%%%%%%%%%%%%%%%%%%%%%%%%%%%%%%%
     Error in routine main program (59):
     Wrong xiabs!!!
 %%%%%%%%%%%%%%%%%%%%%%%%%%%%%%%%%%%%%%%%%%%%%%%%%%%%%%%%%%%%%%%%%%%%%%%%%%%%%%

     stopping ...

 %%%%%%%%%%%%%%%%%%%%%%%%%%%%%%%%%%%%%%%%%%%%%%%%%%%%%%%%%%%%%%%%%%%%%%%%%%%%%%
     Error in routine main program (59):
     Wrong xiabs!!!
 %%%%%%%%%%%%%%%%%%%%%%%%%%%%%%%%%%%%%%%%%%%%%%%%%%%%%%%%%%%%%%%%%%%%%%%%%%%%%%

     stopping ...

 %%%%%%%%%%%%%%%%%%%%%%%%%%%%%%%%%%%%%%%%%%%%%%%%%%%%%%%%%%%%%%%%%%%%%%%%%%%%%%
     Error in routine main program (59):
     Wrong xiabs!!!
 %%%%%%%%%%%%%%%%%%%%%%%%%%%%%%%%%%%%%%%%%%%%%%%%%%%%%%%%%%%%%%%%%%%%%%%%%%%%%%

     stopping ...

 %%%%%%%%%%%%%%%%%%%%%%%%%%%%%%%%%%%%%%%%%%%%%%%%%%%%%%%%%%%%%%%%%%%%%%%%%%%%%%
     Error in routine main program (59):
     Wrong xiabs!!!
 %%%%%%%%%%%%%%%%%%%%%%%%%%%%%%%%%%%%%%%%%%%%%%%%%%%%%%%%%%%%%%%%%%%%%%%%%%%%%%

     stopping ...

 %%%%%%%%%%%%%%%%%%%%%%%%%%%%%%%%%%%%%%%%%%%%%%%%%%%%%%%%%%%%%%%%%%%%%%%%%%%%%%
     Error in routine main program (59):
     Wrong xiabs!!!
 %%%%%%%%%%%%%%%%%%%%%%%%%%%%%%%%%%%%%%%%%%%%%%%%%%%%%%%%%%%%%%%%%%%%%%%%%%%%%%

     stopping ...

 %%%%%%%%%%%%%%%%%%%%%%%%%%%%%%%%%%%%%%%%%%%%%%%%%%%%%%%%%%%%%%%%%%%%%%%%%%%%%%
     Error in routine main program (59):
     Wrong xiabs!!!
 %%%%%%%%%%%%%%%%%%%%%%%%%%%%%%%%%%%%%%%%%%%%%%%%%%%%%%%%%%%%%%%%%%%%%%%%%%%%%%

     stopping ...

 %%%%%%%%%%%%%%%%%%%%%%%%%%%%%%%%%%%%%%%%%%%%%%%%%%%%%%%%%%%%%%%%%%%%%%%%%%%%%%
     Error in routine main program (59):
     Wrong xiabs!!!
 %%%%%%%%%%%%%%%%%%%%%%%%%%%%%%%%%%%%%%%%%%%%%%%%%%%%%%%%%%%%%%%%%%%%%%%%%%%%%%

     stopping ...

 %%%%%%%%%%%%%%%%%%%%%%%%%%%%%%%%%%%%%%%%%%%%%%%%%%%%%%%%%%%%%%%%%%%%%%%%%%%%%%
     Error in routine main program (59):
     Wrong xiabs!!!
 %%%%%%%%%%%%%%%%%%%%%%%%%%%%%%%%%%%%%%%%%%%%%%%%%%%%%%%%%%%%%%%%%%%%%%%%%%%%%%

     stopping ...

 %%%%%%%%%%%%%%%%%%%%%%%%%%%%%%%%%%%%%%%%%%%%%%%%%%%%%%%%%%%%%%%%%%%%%%%%%%%%%%
     Error in routine main program (59):
     Wrong xiabs!!!
 %%%%%%%%%%%%%%%%%%%%%%%%%%%%%%%%%%%%%%%%%%%%%%%%%%%%%%%%%%%%%%%%%%%%%%%%%%%%%%

     stopping ...

 %%%%%%%%%%%%%%%%%%%%%%%%%%%%%%%%%%%%%%%%%%%%%%%%%%%%%%%%%%%%%%%%%%%%%%%%%%%%%%
     Error in routine main program (59):
     Wrong xiabs!!!
 %%%%%%%%%%%%%%%%%%%%%%%%%%%%%%%%%%%%%%%%%%%%%%%%%%%%%%%%%%%%%%%%%%%%%%%%%%%%%%

     stopping ...
